<?xml version="1.0" encoding="UTF-8"?>
<!-- Generated by org.testng.reporters.JUnitXMLReporter -->
<testsuite hostname="Shubham3149123.local" ignored="6" name="Test" tests="6" failures="1" timestamp="18 Jul 2020 12:34:29 GMT" time="100.936" errors="0">
  <testcase name="validateGetRequest" time="3.541" classname="com.automation.api.testcases.ValidateCreateUser"/>
  <testcase name="validateGetRequest" time="1.521" classname="com.automation.api.testcases.ValidateGetRequest"/>
  <testcase name="validate_AccountPage" time="25.027" classname="com.automation.web.testcases.ValidateAccountPage"/>
  <testcase name="validate_TshirtPage" time="8.186" classname="com.automation.web.testcases.ValidateTshirtTestCases">
    <skipped/>
  </testcase> <!-- validate_TshirtPage -->
  <testcase name="validate_TshirtPage" time="3.119" classname="com.automation.web.testcases.ValidateTshirtTestCases">
    <skipped/>
  </testcase> <!-- validate_TshirtPage -->
  <testcase name="validate_TshirtPage" time="7.277" classname="com.automation.web.testcases.ValidateTshirtTestCases">
    <failure type="java.lang.NullPointerException">
      <![CDATA[java.lang.NullPointerException
	at org.openqa.selenium.support.ui.Select.<init>(Select.java:45)
	at com.automation.web.impl.UiDropDownUtils.selectByVisibleText(UiDropDownUtils.java:28)
	at com.automation.application.pages.TshirtPage.sortPageBy(TshirtPage.java:23)
	at com.automation.web.testcases.ValidateTshirtTestCases.validate_TshirtPage(ValidateTshirtTestCases.java:25)
... Removed 25 stack frames]]>
    </failure>
  </testcase> <!-- validate_TshirtPage -->
  <testcase name="@BeforeSuite runnerInnovation" time="0.0" classname="com.automation.TestRunner.AutomationRunner">
    <ignored/>
  </testcase> <!-- @BeforeSuite runnerInnovation -->
  <testcase name="@BeforeSuite runnerInnovation" time="0.0" classname="com.automation.TestRunner.AutomationRunner">
    <ignored/>
  </testcase> <!-- @BeforeSuite runnerInnovation -->
  <testcase name="@BeforeSuite runnerInnovation" time="0.0" classname="com.automation.TestRunner.AutomationRunner">
    <ignored/>
  </testcase> <!-- @BeforeSuite runnerInnovation -->
  <testcase name="@AfterSuite runnerTearDown" time="0.0" classname="com.automation.TestRunner.AutomationRunner">
    <ignored/>
  </testcase> <!-- @AfterSuite runnerTearDown -->
  <testcase name="@AfterSuite runnerTearDown" time="0.0" classname="com.automation.TestRunner.AutomationRunner">
    <ignored/>
  </testcase> <!-- @AfterSuite runnerTearDown -->
  <testcase name="@AfterSuite runnerTearDown" time="0.0" classname="com.automation.TestRunner.AutomationRunner">
    <ignored/>
  </testcase> <!-- @AfterSuite runnerTearDown -->
</testsuite> <!-- Test -->
