<?xml version="1.0" encoding="UTF-8"?>
<testng-results skipped="0" failed="0" ignored="0" total="1" passed="1">
  <reporter-output>
  </reporter-output>
  <suite name="Default suite" duration-ms="3260" started-at="2020-07-18T12:35:48Z" finished-at="2020-07-18T12:35:51Z">
    <groups>
    </groups>
    <test name="Default test" duration-ms="3260" started-at="2020-07-18T12:35:48Z" finished-at="2020-07-18T12:35:51Z">
      <class name="com.automation.api.testcases.ValidateGetRequest">
        <test-method status="PASS" signature="runnerInnovation()[pri:0, instance:com.automation.api.testcases.ValidateGetRequest@76707e36]" name="runnerInnovation" is-config="true" duration-ms="72" started-at="2020-07-18T18:05:48Z" finished-at="2020-07-18T18:05:48Z">
          <reporter-output>
          </reporter-output>
        </test-method> <!-- runnerInnovation -->
        <test-method status="PASS" signature="setTestCaseName(java.lang.reflect.Method)[pri:0, instance:com.automation.api.testcases.ValidateGetRequest@76707e36]" name="setTestCaseName" is-config="true" duration-ms="3" started-at="2020-07-18T18:05:48Z" finished-at="2020-07-18T18:05:48Z">
          <params>
            <param index="0">
              <value>
                <![CDATA[public void com.automation.api.testcases.ValidateGetRequest.validateGetRequest()]]>
              </value>
            </param>
          </params>
          <reporter-output>
          </reporter-output>
        </test-method> <!-- setTestCaseName -->
        <test-method status="PASS" signature="validateGetRequest()[pri:0, instance:com.automation.api.testcases.ValidateGetRequest@76707e36]" name="validateGetRequest" duration-ms="3246" started-at="2020-07-18T18:05:48Z" finished-at="2020-07-18T18:05:51Z">
          <reporter-output>
          </reporter-output>
        </test-method> <!-- validateGetRequest -->
        <test-method status="PASS" signature="runnerTearDown()[pri:0, instance:com.automation.api.testcases.ValidateGetRequest@76707e36]" name="runnerTearDown" is-config="true" duration-ms="260" started-at="2020-07-18T18:05:51Z" finished-at="2020-07-18T18:05:51Z">
          <reporter-output>
          </reporter-output>
        </test-method> <!-- runnerTearDown -->
      </class> <!-- com.automation.api.testcases.ValidateGetRequest -->
    </test> <!-- Default test -->
  </suite> <!-- Default suite -->
</testng-results>
